<?xml version="1.0" encoding="UTF-8"?>
<!-- Generated by org.testng.reporters.JUnitXMLReporter -->
<testsuite ignored="0" hostname="LAPTOP-A5IMFISJ" failures="1" tests="3" name="Error Validation Test" time="77.84" errors="0" timestamp="2024-06-23T20:15:19 IST">
  <testcase classname="SeleniumJava.tests.ErrorValidations" name="ErrorMessageValidation" time="0.895">
    <skipped/>
  </testcase> <!-- ErrorMessageValidation -->
  <testcase classname="SeleniumJava.tests.ErrorValidations" name="ErrorMessageValidation" time="0.803">
    <failure type="java.lang.AssertionError" message="expected [Incorrect email or password.] but found [Incorrect email password.]">
      <![CDATA[java.lang.AssertionError: expected [Incorrect email or password.] but found [Incorrect email password.]
at SeleniumJava.tests.ErrorValidations.ErrorMessageValidation(ErrorValidations.java:22)
at java.base/java.util.ArrayList.forEach(ArrayList.java:1511)
at java.base/java.util.concurrent.FutureTask.run(FutureTask.java:264)
at java.base/java.util.concurrent.ThreadPoolExecutor.runWorker(ThreadPoolExecutor.java:1136)
at java.base/java.util.concurrent.ThreadPoolExecutor$Worker.run(ThreadPoolExecutor.java:635)
at java.base/java.lang.Thread.run(Thread.java:833)
... Removed 23 stack frames]]>
    </failure>
  </testcase> <!-- ErrorMessageValidation -->
  <testcase classname="SeleniumJava.tests.ErrorValidations" name="productErrorValidation" time="2.806"/>
</testsuite> <!-- Error Validation Test -->
