<?xml version="1.0" encoding="UTF-8"?>
<!-- Generated by org.testng.reporters.JUnitXMLReporter -->
<testsuite ignored="1" hostname="LAPTOP-A5IMFISJ" failures="1" tests="2" name="Error Validation Test" time="39.057" errors="0" timestamp="2024-06-24T08:52:54 IST">
  <testcase classname="SeleniumJava.tests.ErrorValidations" name="ErrorMessageValidation" time="0.922">
    <skipped/>
  </testcase> <!-- ErrorMessageValidation -->
  <testcase classname="SeleniumJava.tests.ErrorValidations" name="ErrorMessageValidation" time="1.143">
    <failure type="java.lang.AssertionError" message="expected [Incorrect email or password.] but found [Incorrect email password.]">
      <![CDATA[java.lang.AssertionError: expected [Incorrect email or password.] but found [Incorrect email password.]
at SeleniumJava.tests.ErrorValidations.ErrorMessageValidation(ErrorValidations.java:22)
at java.base/java.util.ArrayList.forEach(ArrayList.java:1511)
at java.base/java.util.concurrent.FutureTask.run(FutureTask.java:264)
at java.base/java.util.concurrent.ThreadPoolExecutor.runWorker(ThreadPoolExecutor.java:1136)
at java.base/java.util.concurrent.ThreadPoolExecutor$Worker.run(ThreadPoolExecutor.java:635)
at java.base/java.lang.Thread.run(Thread.java:842)
... Removed 23 stack frames]]>
    </failure>
  </testcase> <!-- ErrorMessageValidation -->
  <testcase classname="SeleniumJava.tests.ErrorValidations" name="productErrorValidation" time="0.0">
    <ignored/>
  </testcase> <!-- productErrorValidation -->
</testsuite> <!-- Error Validation Test -->
